<?xml version="1.0" encoding="UTF-8"?>
<!-- Generated by org.testng.reporters.JUnitReportReporter -->
<testsuite hostname="TYSS-Harshavardhan-G-R" failures="0" tests="2" name="Test2" time="5.688" errors="0" timestamp="2024-05-11T15:18:18 IST" skipped="0">
  <testcase classname="Test2" name="test1" time="2.806"/>
  <system-out/>
  <testcase classname="Test2" name="test2" time="2.882"/>
  <system-out/>
</testsuite> <!-- Test2 -->
