<?xml version="1.0" encoding="UTF-8"?>
<!-- Generated by org.testng.reporters.JUnitReportReporter -->
<testsuite hostname="TYSS-Harshavardhan-G-R" failures="0" tests="2" name="com.ExtentReports.TestScriptsForExtent" time="30.244" errors="0" timestamp="2024-04-27T19:33:06 IST" skipped="0">
  <testcase classname="com.ExtentReports.TestScriptsForExtent" name="testCase1" time="7.361"/>
  <system-out/>
  <testcase classname="com.ExtentReports.TestScriptsForExtent" name="testCase2" time="22.883"/>
  <system-out/>
</testsuite> <!-- com.ExtentReports.TestScriptsForExtent -->
