<?xml version="1.0" encoding="UTF-8"?>
<!-- Generated by org.testng.reporters.JUnitReportReporter -->
<testsuite hostname="TYSS-Harshavardhan-G-R" failures="0" tests="2" name="Test1" time="5.647" errors="0" timestamp="2024-05-11T15:18:00 IST" skipped="0">
  <testcase classname="Test1" name="test1" time="2.798"/>
  <system-out/>
  <testcase classname="Test1" name="test2" time="2.849"/>
  <system-out/>
</testsuite> <!-- Test1 -->
