<?xml version="1.0" encoding="UTF-8"?>
<!-- Generated by org.testng.reporters.JUnitReportReporter -->
<testsuite hostname="TYSS-Harshavardhan-G-R" failures="0" tests="1" name="com.basicTestScripts.AddToCart_Test" time="5.281" errors="0" timestamp="2024-04-30T20:07:54 IST" skipped="0">
  <testcase classname="com.basicTestScripts.AddToCart_Test" name="addingSmartPhoneToCart" time="5.281"/>
  <system-out/>
</testsuite> <!-- com.basicTestScripts.AddToCart_Test -->
