<?xml version="1.0" encoding="UTF-8"?>
<!-- Generated by org.testng.reporters.JUnitReportReporter -->
<testsuite hostname="TYSS-Harshavardhan-G-R" failures="0" tests="1" name="MavenParameterTest" time="4.204" errors="0" timestamp="2024-05-03T19:49:35 IST" skipped="0">
  <testcase classname="MavenParameterTest" name="launchingGoogleUsingParameterization" time="4.204"/>
  <system-out/>
</testsuite> <!-- MavenParameterTest -->
